<?xml version="1.0" encoding="UTF-8"?>
<testng-results skipped="0" failed="0" total="140" passed="140">
  <reporter-output>
  </reporter-output>
  <suite name="TestSuite" duration-ms="1918446" started-at="2017-03-27T09:43:50Z" finished-at="2017-03-27T10:15:48Z">
    <groups>
    </groups>
    <test name="Chrome-Components" duration-ms="262609" started-at="2017-03-27T09:43:50Z" finished-at="2017-03-27T09:48:12Z">
      <class name="WebDriverTests.WebDriverTests.ElementsTesting.CloseDriver">
        <test-method status="PASS" signature="setupBaseClass(java.lang.String, java.lang.String, java.lang.String, java.lang.String, java.lang.Integer, java.lang.Integer, java.lang.Integer, java.lang.String, java.lang.String, java.lang.String, java.lang.String, java.lang.Boolean, java.lang.String, java.lang.String)[pri:0, instance:WebDriverTests.WebDriverTests.ElementsTesting.CloseDriver@2cb4c3ab]" name="setupBaseClass" is-config="true" duration-ms="45" started-at="2017-03-27T05:48:11Z" finished-at="2017-03-27T05:48:11Z">
          <params>
            <param index="0">
              <value>
                <![CDATA[Chrome]]>
              </value>
            </param>
            <param index="1">
              <value>
                <![CDATA[http://16.73.33.111:4000]]>
              </value>
            </param>
            <param index="2">
              <value>
                <![CDATA[pages/en-us/components.html]]>
              </value>
            </param>
            <param index="3">
              <value>
                <![CDATA[]]>
              </value>
            </param>
            <param index="4">
              <value>
                <![CDATA[5000]]>
              </value>
            </param>
            <param index="5">
              <value>
                <![CDATA[5000]]>
              </value>
            </param>
            <param index="6">
              <value>
                <![CDATA[-50]]>
              </value>
            </param>
            <param index="7">
              <value>
                <![CDATA[/home/ElementsTestUser/elements/Selenium/ChromeDriver/chromedriver]]>
              </value>
            </param>
            <param index="8">
              <value>
                <![CDATA[/home/ElementsTestUser/elements/Selenium/GeckoDriver/geckodriver]]>
              </value>
            </param>
            <param index="9">
              <value>
                <![CDATA[/home/ElementsTestUser/elements/Selenium/IEDriverServer/IEdriverServer]]>
              </value>
            </param>
            <param index="10">
              <value>
                <![CDATA[/home/ElementsTestUser/elements/Selenium/MicrosoftWebDriver/MicrosoftWebDriver]]>
              </value>
            </param>
            <param index="11">
              <value>
                <![CDATA[true]]>
              </value>
            </param>
            <param index="12">
              <value>
                <![CDATA[vista]]>
              </value>
            </param>
            <param index="13">
              <value>
                <![CDATA[http://16.73.33.111:4444/wd/hub]]>
              </value>
            </param>
          </params>
          <reporter-output>
          </reporter-output>
        </test-method> <!-- setupBaseClass -->
        <test-method status="PASS" signature="clearErrors()[pri:0, instance:WebDriverTests.WebDriverTests.ElementsTesting.CloseDriver@2cb4c3ab]" name="clearErrors" is-config="true" duration-ms="0" started-at="2017-03-27T05:48:11Z" finished-at="2017-03-27T05:48:11Z">
          <reporter-output>
          </reporter-output>
        </test-method> <!-- clearErrors -->
        <test-method status="PASS" signature="closeDriver()[pri:0, instance:WebDriverTests.WebDriverTests.ElementsTesting.CloseDriver@2cb4c3ab]" name="closeDriver" duration-ms="1316" started-at="2017-03-27T05:48:11Z" finished-at="2017-03-27T05:48:12Z">
          <reporter-output>
          </reporter-output>
        </test-method> <!-- closeDriver -->
      </class> <!-- WebDriverTests.WebDriverTests.ElementsTesting.CloseDriver -->
      <class name="WebDriverTests.WebDriverTests.ElementsTesting.OpenPage">
        <test-method status="PASS" signature="setupBaseClass(java.lang.String, java.lang.String, java.lang.String, java.lang.String, java.lang.Integer, java.lang.Integer, java.lang.Integer, java.lang.String, java.lang.String, java.lang.String, java.lang.String, java.lang.Boolean, java.lang.String, java.lang.String)[pri:0, instance:WebDriverTests.WebDriverTests.ElementsTesting.OpenPage@97e1986]" name="setupBaseClass" is-config="true" duration-ms="8384" started-at="2017-03-27T05:43:50Z" finished-at="2017-03-27T05:43:58Z">
          <params>
            <param index="0">
              <value>
                <![CDATA[Chrome]]>
              </value>
            </param>
            <param index="1">
              <value>
                <![CDATA[http://16.73.33.111:4000]]>
              </value>
            </param>
            <param index="2">
              <value>
                <![CDATA[pages/en-us/components.html]]>
              </value>
            </param>
            <param index="3">
              <value>
                <![CDATA[]]>
              </value>
            </param>
            <param index="4">
              <value>
                <![CDATA[5000]]>
              </value>
            </param>
            <param index="5">
              <value>
                <![CDATA[5000]]>
              </value>
            </param>
            <param index="6">
              <value>
                <![CDATA[-50]]>
              </value>
            </param>
            <param index="7">
              <value>
                <![CDATA[/home/ElementsTestUser/elements/Selenium/ChromeDriver/chromedriver]]>
              </value>
            </param>
            <param index="8">
              <value>
                <![CDATA[/home/ElementsTestUser/elements/Selenium/GeckoDriver/geckodriver]]>
              </value>
            </param>
            <param index="9">
              <value>
                <![CDATA[/home/ElementsTestUser/elements/Selenium/IEDriverServer/IEdriverServer]]>
              </value>
            </param>
            <param index="10">
              <value>
                <![CDATA[/home/ElementsTestUser/elements/Selenium/MicrosoftWebDriver/MicrosoftWebDriver]]>
              </value>
            </param>
            <param index="11">
              <value>
                <![CDATA[true]]>
              </value>
            </param>
            <param index="12">
              <value>
                <![CDATA[vista]]>
              </value>
            </param>
            <param index="13">
              <value>
                <![CDATA[http://16.73.33.111:4444/wd/hub]]>
              </value>
            </param>
          </params>
          <reporter-output>
          </reporter-output>
        </test-method> <!-- setupBaseClass -->
        <test-method status="PASS" signature="clearErrors()[pri:0, instance:WebDriverTests.WebDriverTests.ElementsTesting.OpenPage@97e1986]" name="clearErrors" is-config="true" duration-ms="1" started-at="2017-03-27T05:43:58Z" finished-at="2017-03-27T05:43:58Z">
          <reporter-output>
          </reporter-output>
        </test-method> <!-- clearErrors -->
        <test-method status="PASS" signature="openPage()[pri:0, instance:WebDriverTests.WebDriverTests.ElementsTesting.OpenPage@97e1986]" name="openPage" duration-ms="13976" started-at="2017-03-27T05:43:58Z" finished-at="2017-03-27T05:44:12Z">
          <reporter-output>
          </reporter-output>
        </test-method> <!-- openPage -->
      </class> <!-- WebDriverTests.WebDriverTests.ElementsTesting.OpenPage -->
      <class name="WebDriverTests.WebDriverTests.Components.Tabs">
        <test-method status="PASS" signature="setupBaseClass(java.lang.String, java.lang.String, java.lang.String, java.lang.String, java.lang.Integer, java.lang.Integer, java.lang.Integer, java.lang.String, java.lang.String, java.lang.String, java.lang.String, java.lang.Boolean, java.lang.String, java.lang.String)[pri:0, instance:WebDriverTests.WebDriverTests.Components.Tabs@26f67b76]" name="setupBaseClass" is-config="true" duration-ms="45" started-at="2017-03-27T05:46:55Z" finished-at="2017-03-27T05:46:55Z">
          <params>
            <param index="0">
              <value>
                <![CDATA[Chrome]]>
              </value>
            </param>
            <param index="1">
              <value>
                <![CDATA[http://16.73.33.111:4000]]>
              </value>
            </param>
            <param index="2">
              <value>
                <![CDATA[pages/en-us/components.html]]>
              </value>
            </param>
            <param index="3">
              <value>
                <![CDATA[]]>
              </value>
            </param>
            <param index="4">
              <value>
                <![CDATA[5000]]>
              </value>
            </param>
            <param index="5">
              <value>
                <![CDATA[5000]]>
              </value>
            </param>
            <param index="6">
              <value>
                <![CDATA[-50]]>
              </value>
            </param>
            <param index="7">
              <value>
                <![CDATA[/home/ElementsTestUser/elements/Selenium/ChromeDriver/chromedriver]]>
              </value>
            </param>
            <param index="8">
              <value>
                <![CDATA[/home/ElementsTestUser/elements/Selenium/GeckoDriver/geckodriver]]>
              </value>
            </param>
            <param index="9">
              <value>
                <![CDATA[/home/ElementsTestUser/elements/Selenium/IEDriverServer/IEdriverServer]]>
              </value>
            </param>
            <param index="10">
              <value>
                <![CDATA[/home/ElementsTestUser/elements/Selenium/MicrosoftWebDriver/MicrosoftWebDriver]]>
              </value>
            </param>
            <param index="11">
              <value>
                <![CDATA[true]]>
              </value>
            </param>
            <param index="12">
              <value>
                <![CDATA[vista]]>
              </value>
            </param>
            <param index="13">
              <value>
                <![CDATA[http://16.73.33.111:4444/wd/hub]]>
              </value>
            </param>
          </params>
          <reporter-output>
          </reporter-output>
        </test-method> <!-- setupBaseClass -->
        <test-method status="PASS" signature="testCardTabs()[pri:0, instance:WebDriverTests.WebDriverTests.Components.Tabs@26f67b76]" name="testCardTabs" duration-ms="4214" started-at="2017-03-27T05:46:55Z" finished-at="2017-03-27T05:47:00Z">
          <reporter-output>
          </reporter-output>
        </test-method> <!-- testCardTabs -->
        <test-method status="PASS" signature="clearErrors()[pri:0, instance:WebDriverTests.WebDriverTests.Components.Tabs@26f67b76]" name="clearErrors" is-config="true" duration-ms="0" started-at="2017-03-27T05:46:55Z" finished-at="2017-03-27T05:46:55Z">
          <reporter-output>
          </reporter-output>
        </test-method> <!-- clearErrors -->
        <test-method status="PASS" signature="testDetailedTabs()[pri:0, instance:WebDriverTests.WebDriverTests.Components.Tabs@26f67b76]" name="testDetailedTabs" duration-ms="5144" started-at="2017-03-27T05:47:00Z" finished-at="2017-03-27T05:47:05Z">
          <reporter-output>
          </reporter-output>
        </test-method> <!-- testDetailedTabs -->
        <test-method status="PASS" signature="clearErrors()[pri:0, instance:WebDriverTests.WebDriverTests.Components.Tabs@26f67b76]" name="clearErrors" is-config="true" duration-ms="0" started-at="2017-03-27T05:47:00Z" finished-at="2017-03-27T05:47:00Z">
          <reporter-output>
          </reporter-output>
        </test-method> <!-- clearErrors -->
        <test-method status="PASS" signature="clearErrors()[pri:0, instance:WebDriverTests.WebDriverTests.Components.Tabs@26f67b76]" name="clearErrors" is-config="true" duration-ms="0" started-at="2017-03-27T05:47:05Z" finished-at="2017-03-27T05:47:05Z">
          <reporter-output>
          </reporter-output>
        </test-method> <!-- clearErrors -->
        <test-method status="PASS" signature="testStackedTabs()[pri:0, instance:WebDriverTests.WebDriverTests.Components.Tabs@26f67b76]" name="testStackedTabs" duration-ms="11484" started-at="2017-03-27T05:47:05Z" finished-at="2017-03-27T05:47:16Z">
          <reporter-output>
          </reporter-output>
        </test-method> <!-- testStackedTabs -->
        <test-method status="PASS" signature="clearErrors()[pri:0, instance:WebDriverTests.WebDriverTests.Components.Tabs@26f67b76]" name="clearErrors" is-config="true" duration-ms="0" started-at="2017-03-27T05:47:16Z" finished-at="2017-03-27T05:47:16Z">
          <reporter-output>
          </reporter-output>
        </test-method> <!-- clearErrors -->
        <test-method status="PASS" signature="testTabs()[pri:0, instance:WebDriverTests.WebDriverTests.Components.Tabs@26f67b76]" name="testTabs" duration-ms="16231" started-at="2017-03-27T05:47:16Z" finished-at="2017-03-27T05:47:32Z">
          <reporter-output>
          </reporter-output>
        </test-method> <!-- testTabs -->
      </class> <!-- WebDriverTests.WebDriverTests.Components.Tabs -->
      <class name="WebDriverTests.WebDriverTests.Components.TreeViews">
        <test-method status="PASS" signature="setupBaseClass(java.lang.String, java.lang.String, java.lang.String, java.lang.String, java.lang.Integer, java.lang.Integer, java.lang.Integer, java.lang.String, java.lang.String, java.lang.String, java.lang.String, java.lang.Boolean, java.lang.String, java.lang.String)[pri:0, instance:WebDriverTests.WebDriverTests.Components.TreeViews@3dd3bcd]" name="setupBaseClass" is-config="true" duration-ms="148" started-at="2017-03-27T05:47:32Z" finished-at="2017-03-27T05:47:33Z">
          <params>
            <param index="0">
              <value>
                <![CDATA[Chrome]]>
              </value>
            </param>
            <param index="1">
              <value>
                <![CDATA[http://16.73.33.111:4000]]>
              </value>
            </param>
            <param index="2">
              <value>
                <![CDATA[pages/en-us/components.html]]>
              </value>
            </param>
            <param index="3">
              <value>
                <![CDATA[]]>
              </value>
            </param>
            <param index="4">
              <value>
                <![CDATA[5000]]>
              </value>
            </param>
            <param index="5">
              <value>
                <![CDATA[5000]]>
              </value>
            </param>
            <param index="6">
              <value>
                <![CDATA[-50]]>
              </value>
            </param>
            <param index="7">
              <value>
                <![CDATA[/home/ElementsTestUser/elements/Selenium/ChromeDriver/chromedriver]]>
              </value>
            </param>
            <param index="8">
              <value>
                <![CDATA[/home/ElementsTestUser/elements/Selenium/GeckoDriver/geckodriver]]>
              </value>
            </param>
            <param index="9">
              <value>
                <![CDATA[/home/ElementsTestUser/elements/Selenium/IEDriverServer/IEdriverServer]]>
              </value>
            </param>
            <param index="10">
              <value>
                <![CDATA[/home/ElementsTestUser/elements/Selenium/MicrosoftWebDriver/MicrosoftWebDriver]]>
              </value>
            </param>
            <param index="11">
              <value>
                <![CDATA[true]]>
              </value>
            </param>
            <param index="12">
              <value>
                <![CDATA[vista]]>
              </value>
            </param>
            <param index="13">
              <value>
                <![CDATA[http://16.73.33.111:4444/wd/hub]]>
              </value>
            </param>
          </params>
          <reporter-output>
          </reporter-output>
        </test-method> <!-- setupBaseClass -->
        <test-method status="PASS" signature="clearErrors()[pri:0, instance:WebDriverTests.WebDriverTests.Components.TreeViews@3dd3bcd]" name="clearErrors" is-config="true" duration-ms="0" started-at="2017-03-27T05:47:33Z" finished-at="2017-03-27T05:47:33Z">
          <reporter-output>
          </reporter-output>
        </test-method> <!-- clearErrors -->
        <test-method status="PASS" signature="testTreeGrid()[pri:0, instance:WebDriverTests.WebDriverTests.Components.TreeViews@3dd3bcd]" name="testTreeGrid" duration-ms="38240" started-at="2017-03-27T05:47:33Z" finished-at="2017-03-27T05:48:11Z">
          <reporter-output>
          </reporter-output>
        </test-method> <!-- testTreeGrid -->
      </class> <!-- WebDriverTests.WebDriverTests.Components.TreeViews -->
      <class name="WebDriverTests.WebDriverTests.Components.SideInsetSplitters">
        <test-method status="PASS" signature="setupBaseClass(java.lang.String, java.lang.String, java.lang.String, java.lang.String, java.lang.Integer, java.lang.Integer, java.lang.Integer, java.lang.String, java.lang.String, java.lang.String, java.lang.String, java.lang.Boolean, java.lang.String, java.lang.String)[pri:0, instance:WebDriverTests.WebDriverTests.Components.SideInsetSplitters@35fb3008]" name="setupBaseClass" is-config="true" duration-ms="40" started-at="2017-03-27T05:46:48Z" finished-at="2017-03-27T05:46:48Z">
          <params>
            <param index="0">
              <value>
                <![CDATA[Chrome]]>
              </value>
            </param>
            <param index="1">
              <value>
                <![CDATA[http://16.73.33.111:4000]]>
              </value>
            </param>
            <param index="2">
              <value>
                <![CDATA[pages/en-us/components.html]]>
              </value>
            </param>
            <param index="3">
              <value>
                <![CDATA[]]>
              </value>
            </param>
            <param index="4">
              <value>
                <![CDATA[5000]]>
              </value>
            </param>
            <param index="5">
              <value>
                <![CDATA[5000]]>
              </value>
            </param>
            <param index="6">
              <value>
                <![CDATA[-50]]>
              </value>
            </param>
            <param index="7">
              <value>
                <![CDATA[/home/ElementsTestUser/elements/Selenium/ChromeDriver/chromedriver]]>
              </value>
            </param>
            <param index="8">
              <value>
                <![CDATA[/home/ElementsTestUser/elements/Selenium/GeckoDriver/geckodriver]]>
              </value>
            </param>
            <param index="9">
              <value>
                <![CDATA[/home/ElementsTestUser/elements/Selenium/IEDriverServer/IEdriverServer]]>
              </value>
            </param>
            <param index="10">
              <value>
                <![CDATA[/home/ElementsTestUser/elements/Selenium/MicrosoftWebDriver/MicrosoftWebDriver]]>
              </value>
            </param>
            <param index="11">
              <value>
                <![CDATA[true]]>
              </value>
            </param>
            <param index="12">
              <value>
                <![CDATA[vista]]>
              </value>
            </param>
            <param index="13">
              <value>
                <![CDATA[http://16.73.33.111:4444/wd/hub]]>
              </value>
            </param>
          </params>
          <reporter-output>
          </reporter-output>
        </test-method> <!-- setupBaseClass -->
        <test-method status="PASS" signature="clearErrors()[pri:0, instance:WebDriverTests.WebDriverTests.Components.SideInsetSplitters@35fb3008]" name="clearErrors" is-config="true" duration-ms="2" started-at="2017-03-27T05:46:48Z" finished-at="2017-03-27T05:46:48Z">
          <reporter-output>
          </reporter-output>
        </test-method> <!-- clearErrors -->
        <test-method status="PASS" signature="testSideInsetSplitters()[pri:0, instance:WebDriverTests.WebDriverTests.Components.SideInsetSplitters@35fb3008]" name="testSideInsetSplitters" duration-ms="6969" started-at="2017-03-27T05:46:48Z" finished-at="2017-03-27T05:46:55Z">
          <reporter-output>
          </reporter-output>
        </test-method> <!-- testSideInsetSplitters -->
      </class> <!-- WebDriverTests.WebDriverTests.Components.SideInsetSplitters -->
      <class name="WebDriverTests.WebDriverTests.Components.ItemDisplayPanel">
        <test-method status="PASS" signature="setupBaseClass(java.lang.String, java.lang.String, java.lang.String, java.lang.String, java.lang.Integer, java.lang.Integer, java.lang.Integer, java.lang.String, java.lang.String, java.lang.String, java.lang.String, java.lang.Boolean, java.lang.String, java.lang.String)[pri:0, instance:WebDriverTests.WebDriverTests.Components.ItemDisplayPanel@12843fce]" name="setupBaseClass" is-config="true" duration-ms="46" started-at="2017-03-27T05:46:33Z" finished-at="2017-03-27T05:46:33Z">
          <params>
            <param index="0">
              <value>
                <![CDATA[Chrome]]>
              </value>
            </param>
            <param index="1">
              <value>
                <![CDATA[http://16.73.33.111:4000]]>
              </value>
            </param>
            <param index="2">
              <value>
                <![CDATA[pages/en-us/components.html]]>
              </value>
            </param>
            <param index="3">
              <value>
                <![CDATA[]]>
              </value>
            </param>
            <param index="4">
              <value>
                <![CDATA[5000]]>
              </value>
            </param>
            <param index="5">
              <value>
                <![CDATA[5000]]>
              </value>
            </param>
            <param index="6">
              <value>
                <![CDATA[-50]]>
              </value>
            </param>
            <param index="7">
              <value>
                <![CDATA[/home/ElementsTestUser/elements/Selenium/ChromeDriver/chromedriver]]>
              </value>
            </param>
            <param index="8">
              <value>
                <![CDATA[/home/ElementsTestUser/elements/Selenium/GeckoDriver/geckodriver]]>
              </value>
            </param>
            <param index="9">
              <value>
                <![CDATA[/home/ElementsTestUser/elements/Selenium/IEDriverServer/IEdriverServer]]>
              </value>
            </param>
            <param index="10">
              <value>
                <![CDATA[/home/ElementsTestUser/elements/Selenium/MicrosoftWebDriver/MicrosoftWebDriver]]>
              </value>
            </param>
            <param index="11">
              <value>
                <![CDATA[true]]>
              </value>
            </param>
            <param index="12">
              <value>
                <![CDATA[vista]]>
              </value>
            </param>
            <param index="13">
              <value>
                <![CDATA[http://16.73.33.111:4444/wd/hub]]>
              </value>
            </param>
          </params>
          <reporter-output>
          </reporter-output>
        </test-method> <!-- setupBaseClass -->
        <test-method status="PASS" signature="clearErrors()[pri:0, instance:WebDriverTests.WebDriverTests.Components.ItemDisplayPanel@12843fce]" name="clearErrors" is-config="true" duration-ms="0" started-at="2017-03-27T05:46:33Z" finished-at="2017-03-27T05:46:33Z">
          <reporter-output>
          </reporter-output>
        </test-method> <!-- clearErrors -->
        <test-method status="PASS" signature="testItemDisplayPanel()[pri:0, instance:WebDriverTests.WebDriverTests.Components.ItemDisplayPanel@12843fce]" name="testItemDisplayPanel" duration-ms="15591" started-at="2017-03-27T05:46:33Z" finished-at="2017-03-27T05:46:48Z">
          <reporter-output>
          </reporter-output>
        </test-method> <!-- testItemDisplayPanel -->
      </class> <!-- WebDriverTests.WebDriverTests.Components.ItemDisplayPanel -->
      <class name="WebDriverTests.WebDriverTests.Components.Buttons">
        <test-method status="PASS" signature="setupBaseClass(java.lang.String, java.lang.String, java.lang.String, java.lang.String, java.lang.Integer, java.lang.Integer, java.lang.Integer, java.lang.String, java.lang.String, java.lang.String, java.lang.String, java.lang.Boolean, java.lang.String, java.lang.String)[pri:0, instance:WebDriverTests.WebDriverTests.Components.Buttons@13c78c0b]" name="setupBaseClass" is-config="true" duration-ms="74" started-at="2017-03-27T05:44:12Z" finished-at="2017-03-27T05:44:12Z">
          <params>
            <param index="0">
              <value>
                <![CDATA[Chrome]]>
              </value>
            </param>
            <param index="1">
              <value>
                <![CDATA[http://16.73.33.111:4000]]>
              </value>
            </param>
            <param index="2">
              <value>
                <![CDATA[pages/en-us/components.html]]>
              </value>
            </param>
            <param index="3">
              <value>
                <![CDATA[]]>
              </value>
            </param>
            <param index="4">
              <value>
                <![CDATA[5000]]>
              </value>
            </param>
            <param index="5">
              <value>
                <![CDATA[5000]]>
              </value>
            </param>
            <param index="6">
              <value>
                <![CDATA[-50]]>
              </value>
            </param>
            <param index="7">
              <value>
                <![CDATA[/home/ElementsTestUser/elements/Selenium/ChromeDriver/chromedriver]]>
              </value>
            </param>
            <param index="8">
              <value>
                <![CDATA[/home/ElementsTestUser/elements/Selenium/GeckoDriver/geckodriver]]>
              </value>
            </param>
            <param index="9">
              <value>
                <![CDATA[/home/ElementsTestUser/elements/Selenium/IEDriverServer/IEdriverServer]]>
              </value>
            </param>
            <param index="10">
              <value>
                <![CDATA[/home/ElementsTestUser/elements/Selenium/MicrosoftWebDriver/MicrosoftWebDriver]]>
              </value>
            </param>
            <param index="11">
              <value>
                <![CDATA[true]]>
              </value>
            </param>
            <param index="12">
              <value>
                <![CDATA[vista]]>
              </value>
            </param>
            <param index="13">
              <value>
                <![CDATA[http://16.73.33.111:4444/wd/hub]]>
              </value>
            </param>
          </params>
          <reporter-output>
          </reporter-output>
        </test-method> <!-- setupBaseClass -->
        <test-method status="PASS" signature="clearErrors()[pri:0, instance:WebDriverTests.WebDriverTests.Components.Buttons@13c78c0b]" name="clearErrors" is-config="true" duration-ms="0" started-at="2017-03-27T05:44:12Z" finished-at="2017-03-27T05:44:12Z">
          <reporter-output>
          </reporter-output>
        </test-method> <!-- clearErrors -->
        <test-method status="PASS" signature="testCheckboxButtons()[pri:0, instance:WebDriverTests.WebDriverTests.Components.Buttons@13c78c0b]" name="testCheckboxButtons" duration-ms="3158" started-at="2017-03-27T05:44:12Z" finished-at="2017-03-27T05:44:15Z">
          <reporter-output>
          </reporter-output>
        </test-method> <!-- testCheckboxButtons -->
        <test-method status="PASS" signature="clearErrors()[pri:0, instance:WebDriverTests.WebDriverTests.Components.Buttons@13c78c0b]" name="clearErrors" is-config="true" duration-ms="0" started-at="2017-03-27T05:44:15Z" finished-at="2017-03-27T05:44:15Z">
          <reporter-output>
          </reporter-output>
        </test-method> <!-- clearErrors -->
        <test-method status="PASS" signature="testDropdown()[pri:0, instance:WebDriverTests.WebDriverTests.Components.Buttons@13c78c0b]" name="testDropdown" duration-ms="5995" started-at="2017-03-27T05:44:15Z" finished-at="2017-03-27T05:44:21Z">
          <reporter-output>
          </reporter-output>
        </test-method> <!-- testDropdown -->
        <test-method status="PASS" signature="testFloatingActionButton()[pri:0, instance:WebDriverTests.WebDriverTests.Components.Buttons@13c78c0b]" name="testFloatingActionButton" duration-ms="29452" started-at="2017-03-27T05:44:21Z" finished-at="2017-03-27T05:44:51Z">
          <reporter-output>
          </reporter-output>
        </test-method> <!-- testFloatingActionButton -->
        <test-method status="PASS" signature="clearErrors()[pri:0, instance:WebDriverTests.WebDriverTests.Components.Buttons@13c78c0b]" name="clearErrors" is-config="true" duration-ms="0" started-at="2017-03-27T05:44:21Z" finished-at="2017-03-27T05:44:21Z">
          <reporter-output>
          </reporter-output>
        </test-method> <!-- clearErrors -->
        <test-method status="PASS" signature="clearErrors()[pri:0, instance:WebDriverTests.WebDriverTests.Components.Buttons@13c78c0b]" name="clearErrors" is-config="true" duration-ms="0" started-at="2017-03-27T05:44:51Z" finished-at="2017-03-27T05:44:51Z">
          <reporter-output>
          </reporter-output>
        </test-method> <!-- clearErrors -->
        <test-method status="PASS" signature="testGroupedButtons()[pri:0, instance:WebDriverTests.WebDriverTests.Components.Buttons@13c78c0b]" name="testGroupedButtons" duration-ms="3594" started-at="2017-03-27T05:44:51Z" finished-at="2017-03-27T05:44:54Z">
          <reporter-output>
          </reporter-output>
        </test-method> <!-- testGroupedButtons -->
        <test-method status="PASS" signature="clearErrors()[pri:0, instance:WebDriverTests.WebDriverTests.Components.Buttons@13c78c0b]" name="clearErrors" is-config="true" duration-ms="1" started-at="2017-03-27T05:44:54Z" finished-at="2017-03-27T05:44:54Z">
          <reporter-output>
          </reporter-output>
        </test-method> <!-- clearErrors -->
        <test-method status="PASS" signature="testPagination()[pri:0, instance:WebDriverTests.WebDriverTests.Components.Buttons@13c78c0b]" name="testPagination" duration-ms="3550" started-at="2017-03-27T05:44:54Z" finished-at="2017-03-27T05:44:58Z">
          <reporter-output>
          </reporter-output>
        </test-method> <!-- testPagination -->
        <test-method status="PASS" signature="testRadioButtons()[pri:0, instance:WebDriverTests.WebDriverTests.Components.Buttons@13c78c0b]" name="testRadioButtons" duration-ms="2545" started-at="2017-03-27T05:44:58Z" finished-at="2017-03-27T05:45:00Z">
          <reporter-output>
          </reporter-output>
        </test-method> <!-- testRadioButtons -->
        <test-method status="PASS" signature="clearErrors()[pri:0, instance:WebDriverTests.WebDriverTests.Components.Buttons@13c78c0b]" name="clearErrors" is-config="true" duration-ms="0" started-at="2017-03-27T05:44:58Z" finished-at="2017-03-27T05:44:58Z">
          <reporter-output>
          </reporter-output>
        </test-method> <!-- clearErrors -->
        <test-method status="PASS" signature="clearErrors()[pri:0, instance:WebDriverTests.WebDriverTests.Components.Buttons@13c78c0b]" name="clearErrors" is-config="true" duration-ms="0" started-at="2017-03-27T05:45:00Z" finished-at="2017-03-27T05:45:00Z">
          <reporter-output>
          </reporter-output>
        </test-method> <!-- clearErrors -->
        <test-method status="PASS" signature="testSingleToggleButton()[pri:0, instance:WebDriverTests.WebDriverTests.Components.Buttons@13c78c0b]" name="testSingleToggleButton" duration-ms="1236" started-at="2017-03-27T05:45:00Z" finished-at="2017-03-27T05:45:02Z">
          <reporter-output>
          </reporter-output>
        </test-method> <!-- testSingleToggleButton -->
        <test-method status="PASS" signature="clearErrors()[pri:0, instance:WebDriverTests.WebDriverTests.Components.Buttons@13c78c0b]" name="clearErrors" is-config="true" duration-ms="1" started-at="2017-03-27T05:45:02Z" finished-at="2017-03-27T05:45:02Z">
          <reporter-output>
          </reporter-output>
        </test-method> <!-- clearErrors -->
        <test-method status="PASS" signature="testToggleButtons()[pri:0, instance:WebDriverTests.WebDriverTests.Components.Buttons@13c78c0b]" name="testToggleButtons" duration-ms="2634" started-at="2017-03-27T05:45:02Z" finished-at="2017-03-27T05:45:04Z">
          <reporter-output>
          </reporter-output>
        </test-method> <!-- testToggleButtons -->
      </class> <!-- WebDriverTests.WebDriverTests.Components.Buttons -->
      <class name="WebDriverTests.WebDriverTests.Components.InputControls">
        <test-method status="PASS" signature="setupBaseClass(java.lang.String, java.lang.String, java.lang.String, java.lang.String, java.lang.Integer, java.lang.Integer, java.lang.Integer, java.lang.String, java.lang.String, java.lang.String, java.lang.String, java.lang.Boolean, java.lang.String, java.lang.String)[pri:0, instance:WebDriverTests.WebDriverTests.Components.InputControls@153f5a29]" name="setupBaseClass" is-config="true" duration-ms="62" started-at="2017-03-27T05:45:04Z" finished-at="2017-03-27T05:45:04Z">
          <params>
            <param index="0">
              <value>
                <![CDATA[Chrome]]>
              </value>
            </param>
            <param index="1">
              <value>
                <![CDATA[http://16.73.33.111:4000]]>
              </value>
            </param>
            <param index="2">
              <value>
                <![CDATA[pages/en-us/components.html]]>
              </value>
            </param>
            <param index="3">
              <value>
                <![CDATA[]]>
              </value>
            </param>
            <param index="4">
              <value>
                <![CDATA[5000]]>
              </value>
            </param>
            <param index="5">
              <value>
                <![CDATA[5000]]>
              </value>
            </param>
            <param index="6">
              <value>
                <![CDATA[-50]]>
              </value>
            </param>
            <param index="7">
              <value>
                <![CDATA[/home/ElementsTestUser/elements/Selenium/ChromeDriver/chromedriver]]>
              </value>
            </param>
            <param index="8">
              <value>
                <![CDATA[/home/ElementsTestUser/elements/Selenium/GeckoDriver/geckodriver]]>
              </value>
            </param>
            <param index="9">
              <value>
                <![CDATA[/home/ElementsTestUser/elements/Selenium/IEDriverServer/IEdriverServer]]>
              </value>
            </param>
            <param index="10">
              <value>
                <![CDATA[/home/ElementsTestUser/elements/Selenium/MicrosoftWebDriver/MicrosoftWebDriver]]>
              </value>
            </param>
            <param index="11">
              <value>
                <![CDATA[true]]>
              </value>
            </param>
            <param index="12">
              <value>
                <![CDATA[vista]]>
              </value>
            </param>
            <param index="13">
              <value>
                <![CDATA[http://16.73.33.111:4444/wd/hub]]>
              </value>
            </param>
          </params>
          <reporter-output>
          </reporter-output>
        </test-method> <!-- setupBaseClass -->
        <test-method status="PASS" signature="clearErrors()[pri:0, instance:WebDriverTests.WebDriverTests.Components.InputControls@153f5a29]" name="clearErrors" is-config="true" duration-ms="1" started-at="2017-03-27T05:45:04Z" finished-at="2017-03-27T05:45:04Z">
          <reporter-output>
          </reporter-output>
        </test-method> <!-- clearErrors -->
        <test-method status="PASS" signature="testCheckbox()[pri:0, instance:WebDriverTests.WebDriverTests.Components.InputControls@153f5a29]" name="testCheckbox" duration-ms="5961" started-at="2017-03-27T05:45:04Z" finished-at="2017-03-27T05:45:10Z">
          <reporter-output>
          </reporter-output>
        </test-method> <!-- testCheckbox -->
        <test-method status="PASS" signature="testCheckboxAlternative()[pri:0, instance:WebDriverTests.WebDriverTests.Components.InputControls@153f5a29]" name="testCheckboxAlternative" duration-ms="5512" started-at="2017-03-27T05:45:10Z" finished-at="2017-03-27T05:45:16Z">
          <reporter-output>
          </reporter-output>
        </test-method> <!-- testCheckboxAlternative -->
        <test-method status="PASS" signature="clearErrors()[pri:0, instance:WebDriverTests.WebDriverTests.Components.InputControls@153f5a29]" name="clearErrors" is-config="true" duration-ms="0" started-at="2017-03-27T05:45:10Z" finished-at="2017-03-27T05:45:10Z">
          <reporter-output>
          </reporter-output>
        </test-method> <!-- clearErrors -->
        <test-method status="PASS" signature="clearErrors()[pri:0, instance:WebDriverTests.WebDriverTests.Components.InputControls@153f5a29]" name="clearErrors" is-config="true" duration-ms="1" started-at="2017-03-27T05:45:16Z" finished-at="2017-03-27T05:45:16Z">
          <reporter-output>
          </reporter-output>
        </test-method> <!-- clearErrors -->
        <test-method status="PASS" signature="testRadioButton()[pri:0, instance:WebDriverTests.WebDriverTests.Components.InputControls@153f5a29]" name="testRadioButton" duration-ms="4265" started-at="2017-03-27T05:45:16Z" finished-at="2017-03-27T05:45:20Z">
          <reporter-output>
          </reporter-output>
        </test-method> <!-- testRadioButton -->
        <test-method status="PASS" signature="clearErrors()[pri:0, instance:WebDriverTests.WebDriverTests.Components.InputControls@153f5a29]" name="clearErrors" is-config="true" duration-ms="0" started-at="2017-03-27T05:45:20Z" finished-at="2017-03-27T05:45:20Z">
          <reporter-output>
          </reporter-output>
        </test-method> <!-- clearErrors -->
        <test-method status="PASS" signature="testRadioButtonAlternative()[pri:0, instance:WebDriverTests.WebDriverTests.Components.InputControls@153f5a29]" name="testRadioButtonAlternative" duration-ms="3517" started-at="2017-03-27T05:45:20Z" finished-at="2017-03-27T05:45:24Z">
          <reporter-output>
          </reporter-output>
        </test-method> <!-- testRadioButtonAlternative -->
        <test-method status="PASS" signature="clearErrors()[pri:0, instance:WebDriverTests.WebDriverTests.Components.InputControls@153f5a29]" name="clearErrors" is-config="true" duration-ms="1" started-at="2017-03-27T05:45:24Z" finished-at="2017-03-27T05:45:24Z">
          <reporter-output>
          </reporter-output>
        </test-method> <!-- clearErrors -->
        <test-method status="PASS" signature="testSelect()[pri:0, instance:WebDriverTests.WebDriverTests.Components.InputControls@153f5a29]" name="testSelect" duration-ms="69135" started-at="2017-03-27T05:45:24Z" finished-at="2017-03-27T05:46:33Z">
          <reporter-output>
          </reporter-output>
        </test-method> <!-- testSelect -->
      </class> <!-- WebDriverTests.WebDriverTests.Components.InputControls -->
    </test> <!-- Chrome-Components -->
    <test name="Chrome-CSS" duration-ms="72946" started-at="2017-03-27T09:48:12Z" finished-at="2017-03-27T09:49:25Z">
      <class name="WebDriverTests.WebDriverTests.ElementsTesting.CloseDriver">
        <test-method status="PASS" signature="setupBaseClass(java.lang.String, java.lang.String, java.lang.String, java.lang.String, java.lang.Integer, java.lang.Integer, java.lang.Integer, java.lang.String, java.lang.String, java.lang.String, java.lang.String, java.lang.Boolean, java.lang.String, java.lang.String)[pri:0, instance:WebDriverTests.WebDriverTests.ElementsTesting.CloseDriver@66d2e7d9]" name="setupBaseClass" is-config="true" duration-ms="59" started-at="2017-03-27T05:49:24Z" finished-at="2017-03-27T05:49:24Z">
          <params>
            <param index="0">
              <value>
                <![CDATA[Chrome]]>
              </value>
            </param>
            <param index="1">
              <value>
                <![CDATA[http://16.73.33.111:4000]]>
              </value>
            </param>
            <param index="2">
              <value>
                <![CDATA[pages/en-us/css.html]]>
              </value>
            </param>
            <param index="3">
              <value>
                <![CDATA[]]>
              </value>
            </param>
            <param index="4">
              <value>
                <![CDATA[5000]]>
              </value>
            </param>
            <param index="5">
              <value>
                <![CDATA[5000]]>
              </value>
            </param>
            <param index="6">
              <value>
                <![CDATA[-50]]>
              </value>
            </param>
            <param index="7">
              <value>
                <![CDATA[/home/ElementsTestUser/elements/Selenium/ChromeDriver/chromedriver]]>
              </value>
            </param>
            <param index="8">
              <value>
                <![CDATA[/home/ElementsTestUser/elements/Selenium/GeckoDriver/geckodriver]]>
              </value>
            </param>
            <param index="9">
              <value>
                <![CDATA[/home/ElementsTestUser/elements/Selenium/IEDriverServer/IEdriverServer]]>
              </value>
            </param>
            <param index="10">
              <value>
                <![CDATA[/home/ElementsTestUser/elements/Selenium/MicrosoftWebDriver/MicrosoftWebDriver]]>
              </value>
            </param>
            <param index="11">
              <value>
                <![CDATA[true]]>
              </value>
            </param>
            <param index="12">
              <value>
                <![CDATA[vista]]>
              </value>
            </param>
            <param index="13">
              <value>
                <![CDATA[http://16.73.33.111:4444/wd/hub]]>
              </value>
            </param>
          </params>
          <reporter-output>
          </reporter-output>
        </test-method> <!-- setupBaseClass -->
        <test-method status="PASS" signature="clearErrors()[pri:0, instance:WebDriverTests.WebDriverTests.ElementsTesting.CloseDriver@66d2e7d9]" name="clearErrors" is-config="true" duration-ms="0" started-at="2017-03-27T05:49:24Z" finished-at="2017-03-27T05:49:24Z">
          <reporter-output>
          </reporter-output>
        </test-method> <!-- clearErrors -->
        <test-method status="PASS" signature="closeDriver()[pri:0, instance:WebDriverTests.WebDriverTests.ElementsTesting.CloseDriver@66d2e7d9]" name="closeDriver" duration-ms="1010" started-at="2017-03-27T05:49:24Z" finished-at="2017-03-27T05:49:25Z">
          <reporter-output>
          </reporter-output>
        </test-method> <!-- closeDriver -->
      </class> <!-- WebDriverTests.WebDriverTests.ElementsTesting.CloseDriver -->
      <class name="WebDriverTests.WebDriverTests.ElementsTesting.OpenPage">
        <test-method status="PASS" signature="setupBaseClass(java.lang.String, java.lang.String, java.lang.String, java.lang.String, java.lang.Integer, java.lang.Integer, java.lang.Integer, java.lang.String, java.lang.String, java.lang.String, java.lang.String, java.lang.Boolean, java.lang.String, java.lang.String)[pri:0, instance:WebDriverTests.WebDriverTests.ElementsTesting.OpenPage@1efbd816]" name="setupBaseClass" is-config="true" duration-ms="3778" started-at="2017-03-27T05:48:12Z" finished-at="2017-03-27T05:48:16Z">
          <params>
            <param index="0">
              <value>
                <![CDATA[Chrome]]>
              </value>
            </param>
            <param index="1">
              <value>
                <![CDATA[http://16.73.33.111:4000]]>
              </value>
            </param>
            <param index="2">
              <value>
                <![CDATA[pages/en-us/css.html]]>
              </value>
            </param>
            <param index="3">
              <value>
                <![CDATA[]]>
              </value>
            </param>
            <param index="4">
              <value>
                <![CDATA[5000]]>
              </value>
            </param>
            <param index="5">
              <value>
                <![CDATA[5000]]>
              </value>
            </param>
            <param index="6">
              <value>
                <![CDATA[-50]]>
              </value>
            </param>
            <param index="7">
              <value>
                <![CDATA[/home/ElementsTestUser/elements/Selenium/ChromeDriver/chromedriver]]>
              </value>
            </param>
            <param index="8">
              <value>
                <![CDATA[/home/ElementsTestUser/elements/Selenium/GeckoDriver/geckodriver]]>
              </value>
            </param>
            <param index="9">
              <value>
                <![CDATA[/home/ElementsTestUser/elements/Selenium/IEDriverServer/IEdriverServer]]>
              </value>
            </param>
            <param index="10">
              <value>
                <![CDATA[/home/ElementsTestUser/elements/Selenium/MicrosoftWebDriver/MicrosoftWebDriver]]>
              </value>
            </param>
            <param index="11">
              <value>
                <![CDATA[true]]>
              </value>
            </param>
            <param index="12">
              <value>
                <![CDATA[vista]]>
              </value>
            </param>
            <param index="13">
              <value>
                <![CDATA[http://16.73.33.111:4444/wd/hub]]>
              </value>
            </param>
          </params>
          <reporter-output>
          </reporter-output>
        </test-method> <!-- setupBaseClass -->
        <test-method status="PASS" signature="clearErrors()[pri:0, instance:WebDriverTests.WebDriverTests.ElementsTesting.OpenPage@1efbd816]" name="clearErrors" is-config="true" duration-ms="1" started-at="2017-03-27T05:48:16Z" finished-at="2017-03-27T05:48:16Z">
          <reporter-output>
          </reporter-output>
        </test-method> <!-- clearErrors -->
        <test-method status="PASS" signature="openPage()[pri:0, instance:WebDriverTests.WebDriverTests.ElementsTesting.OpenPage@1efbd816]" name="openPage" duration-ms="6302" started-at="2017-03-27T05:48:16Z" finished-at="2017-03-27T05:48:22Z">
          <reporter-output>
          </reporter-output>
        </test-method> <!-- openPage -->
      </class> <!-- WebDriverTests.WebDriverTests.ElementsTesting.OpenPage -->
      <class name="WebDriverTests.WebDriverTests.CSS.Buttons">
        <test-method status="PASS" signature="setupBaseClass(java.lang.String, java.lang.String, java.lang.String, java.lang.String, java.lang.Integer, java.lang.Integer, java.lang.Integer, java.lang.String, java.lang.String, java.lang.String, java.lang.String, java.lang.Boolean, java.lang.String, java.lang.String)[pri:0, instance:WebDriverTests.WebDriverTests.CSS.Buttons@6a2bcfcb]" name="setupBaseClass" is-config="true" duration-ms="87" started-at="2017-03-27T05:48:22Z" finished-at="2017-03-27T05:48:22Z">
          <params>
            <param index="0">
              <value>
                <![CDATA[Chrome]]>
              </value>
            </param>
            <param index="1">
              <value>
                <![CDATA[http://16.73.33.111:4000]]>
              </value>
            </param>
            <param index="2">
              <value>
                <![CDATA[pages/en-us/css.html]]>
              </value>
            </param>
            <param index="3">
              <value>
                <![CDATA[]]>
              </value>
            </param>
            <param index="4">
              <value>
                <![CDATA[5000]]>
              </value>
            </param>
            <param index="5">
              <value>
                <![CDATA[5000]]>
              </value>
            </param>
            <param index="6">
              <value>
                <![CDATA[-50]]>
              </value>
            </param>
            <param index="7">
              <value>
                <![CDATA[/home/ElementsTestUser/elements/Selenium/ChromeDriver/chromedriver]]>
              </value>
            </param>
            <param index="8">
              <value>
                <![CDATA[/home/ElementsTestUser/elements/Selenium/GeckoDriver/geckodriver]]>
              </value>
            </param>
            <param index="9">
              <value>
                <![CDATA[/home/ElementsTestUser/elements/Selenium/IEDriverServer/IEdriverServer]]>
              </value>
            </param>
            <param index="10">
              <value>
                <![CDATA[/home/ElementsTestUser/elements/Selenium/MicrosoftWebDriver/MicrosoftWebDriver]]>
              </value>
            </param>
            <param index="11">
              <value>
                <![CDATA[true]]>
              </value>
            </param>
            <param index="12">
              <value>
                <![CDATA[vista]]>
              </value>
            </param>
            <param index="13">
              <value>
                <![CDATA[http://16.73.33.111:4444/wd/hub]]>
              </value>
            </param>
          </params>
          <reporter-output>
          </reporter-output>
        </test-method> <!-- setupBaseClass -->
        <test-method status="PASS" signature="clearErrors()[pri:0, instance:WebDriverTests.WebDriverTests.CSS.Buttons@6a2bcfcb]" name="clearErrors" is-config="true" duration-ms="0" started-at="2017-03-27T05:48:22Z" finished-at="2017-03-27T05:48:22Z">
          <reporter-output>
          </reporter-output>
        </test-method> <!-- clearErrors -->
        <test-method status="PASS" signature="testButtonDropdowns()[pri:0, instance:WebDriverTests.WebDriverTests.CSS.Buttons@6a2bcfcb]" name="testButtonDropdowns" duration-ms="12234" started-at="2017-03-27T05:48:22Z" finished-at="2017-03-27T05:48:35Z">
          <reporter-output>
          </reporter-output>
        </test-method> <!-- testButtonDropdowns -->
        <test-method status="PASS" signature="clearErrors()[pri:0, instance:WebDriverTests.WebDriverTests.CSS.Buttons@6a2bcfcb]" name="clearErrors" is-config="true" duration-ms="1" started-at="2017-03-27T05:48:35Z" finished-at="2017-03-27T05:48:35Z">
          <reporter-output>
          </reporter-output>
        </test-method> <!-- clearErrors -->
        <test-method status="PASS" signature="testCircularIconButtons()[pri:0, instance:WebDriverTests.WebDriverTests.CSS.Buttons@6a2bcfcb]" name="testCircularIconButtons" duration-ms="7737" started-at="2017-03-27T05:48:35Z" finished-at="2017-03-27T05:48:42Z">
          <reporter-output>
          </reporter-output>
        </test-method> <!-- testCircularIconButtons -->
        <test-method status="PASS" signature="clearErrors()[pri:0, instance:WebDriverTests.WebDriverTests.CSS.Buttons@6a2bcfcb]" name="clearErrors" is-config="true" duration-ms="0" started-at="2017-03-27T05:48:42Z" finished-at="2017-03-27T05:48:42Z">
          <reporter-output>
          </reporter-output>
        </test-method> <!-- clearErrors -->
        <test-method status="PASS" signature="testColoredButtons()[pri:0, instance:WebDriverTests.WebDriverTests.CSS.Buttons@6a2bcfcb]" name="testColoredButtons" duration-ms="7583" started-at="2017-03-27T05:48:42Z" finished-at="2017-03-27T05:48:50Z">
          <reporter-output>
          </reporter-output>
        </test-method> <!-- testColoredButtons -->
        <test-method status="PASS" signature="clearErrors()[pri:0, instance:WebDriverTests.WebDriverTests.CSS.Buttons@6a2bcfcb]" name="clearErrors" is-config="true" duration-ms="0" started-at="2017-03-27T05:48:50Z" finished-at="2017-03-27T05:48:50Z">
          <reporter-output>
          </reporter-output>
        </test-method> <!-- clearErrors -->
        <test-method status="PASS" signature="testHyperlinks()[pri:0, instance:WebDriverTests.WebDriverTests.CSS.Buttons@6a2bcfcb]" name="testHyperlinks" duration-ms="2671" started-at="2017-03-27T05:48:50Z" finished-at="2017-03-27T05:48:53Z">
          <reporter-output>
          </reporter-output>
        </test-method> <!-- testHyperlinks -->
        <test-method status="PASS" signature="testLinkStyles()[pri:0, instance:WebDriverTests.WebDriverTests.CSS.Buttons@6a2bcfcb]" name="testLinkStyles" duration-ms="4105" started-at="2017-03-27T05:48:53Z" finished-at="2017-03-27T05:48:57Z">
          <reporter-output>
          </reporter-output>
        </test-method> <!-- testLinkStyles -->
        <test-method status="PASS" signature="clearErrors()[pri:0, instance:WebDriverTests.WebDriverTests.CSS.Buttons@6a2bcfcb]" name="clearErrors" is-config="true" duration-ms="0" started-at="2017-03-27T05:48:53Z" finished-at="2017-03-27T05:48:53Z">
          <reporter-output>
          </reporter-output>
        </test-method> <!-- clearErrors -->
        <test-method status="PASS" signature="clearErrors()[pri:0, instance:WebDriverTests.WebDriverTests.CSS.Buttons@6a2bcfcb]" name="clearErrors" is-config="true" duration-ms="0" started-at="2017-03-27T05:48:57Z" finished-at="2017-03-27T05:48:57Z">
          <reporter-output>
          </reporter-output>
        </test-method> <!-- clearErrors -->
        <test-method status="PASS" signature="testSizeVariations()[pri:0, instance:WebDriverTests.WebDriverTests.CSS.Buttons@6a2bcfcb]" name="testSizeVariations" duration-ms="14778" started-at="2017-03-27T05:48:57Z" finished-at="2017-03-27T05:49:12Z">
          <reporter-output>
          </reporter-output>
        </test-method> <!-- testSizeVariations -->
        <test-method status="PASS" signature="testSplitButtonDropdowns()[pri:0, instance:WebDriverTests.WebDriverTests.CSS.Buttons@6a2bcfcb]" name="testSplitButtonDropdowns" duration-ms="12596" started-at="2017-03-27T05:49:12Z" finished-at="2017-03-27T05:49:24Z">
          <reporter-output>
          </reporter-output>
        </test-method> <!-- testSplitButtonDropdowns -->
        <test-method status="PASS" signature="clearErrors()[pri:0, instance:WebDriverTests.WebDriverTests.CSS.Buttons@6a2bcfcb]" name="clearErrors" is-config="true" duration-ms="0" started-at="2017-03-27T05:49:12Z" finished-at="2017-03-27T05:49:12Z">
          <reporter-output>
          </reporter-output>
        </test-method> <!-- clearErrors -->
      </class> <!-- WebDriverTests.WebDriverTests.CSS.Buttons -->
    </test> <!-- Chrome-CSS -->
    <test name="Chrome-Charts" duration-ms="15552" started-at="2017-03-27T09:49:25Z" finished-at="2017-03-27T09:49:41Z">
      <class name="WebDriverTests.WebDriverTests.ElementsTesting.CloseDriver">
        <test-method status="PASS" signature="setupBaseClass(java.lang.String, java.lang.String, java.lang.String, java.lang.String, java.lang.Integer, java.lang.Integer, java.lang.Integer, java.lang.String, java.lang.String, java.lang.String, java.lang.String, java.lang.Boolean, java.lang.String, java.lang.String)[pri:0, instance:WebDriverTests.WebDriverTests.ElementsTesting.CloseDriver@548b7f67]" name="setupBaseClass" is-config="true" duration-ms="34" started-at="2017-03-27T05:49:40Z" finished-at="2017-03-27T05:49:40Z">
          <params>
            <param index="0">
              <value>
                <![CDATA[Chrome]]>
              </value>
            </param>
            <param index="1">
              <value>
                <![CDATA[http://16.73.33.111:4000]]>
              </value>
            </param>
            <param index="2">
              <value>
                <![CDATA[pages/en-us/charts.html]]>
              </value>
            </param>
            <param index="3">
              <value>
                <![CDATA[]]>
              </value>
            </param>
            <param index="4">
              <value>
                <![CDATA[5000]]>
              </value>
            </param>
            <param index="5">
              <value>
                <![CDATA[5000]]>
              </value>
            </param>
            <param index="6">
              <value>
                <![CDATA[-50]]>
              </value>
            </param>
            <param index="7">
              <value>
                <![CDATA[/home/ElementsTestUser/elements/Selenium/ChromeDriver/chromedriver]]>
              </value>
            </param>
            <param index="8">
              <value>
                <![CDATA[/home/ElementsTestUser/elements/Selenium/GeckoDriver/geckodriver]]>
              </value>
            </param>
            <param index="9">
              <value>
                <![CDATA[/home/ElementsTestUser/elements/Selenium/IEDriverServer/IEdriverServer]]>
              </value>
            </param>
            <param index="10">
              <value>
                <![CDATA[/home/ElementsTestUser/elements/Selenium/MicrosoftWebDriver/MicrosoftWebDriver]]>
              </value>
            </param>
            <param index="11">
              <value>
                <![CDATA[true]]>
              </value>
            </param>
            <param index="12">
              <value>
                <![CDATA[vista]]>
              </value>
            </param>
            <param index="13">
              <value>
                <![CDATA[http://16.73.33.111:4444/wd/hub]]>
              </value>
            </param>
          </params>
          <reporter-output>
          </reporter-output>
        </test-method> <!-- setupBaseClass -->
        <test-method status="PASS" signature="closeDriver()[pri:0, instance:WebDriverTests.WebDriverTests.ElementsTesting.CloseDriver@548b7f67]" name="closeDriver" duration-ms="970" started-at="2017-03-27T05:49:40Z" finished-at="2017-03-27T05:49:41Z">
          <reporter-output>
          </reporter-output>
        </test-method> <!-- closeDriver -->
        <test-method status="PASS" signature="clearErrors()[pri:0, instance:WebDriverTests.WebDriverTests.ElementsTesting.CloseDriver@548b7f67]" name="clearErrors" is-config="true" duration-ms="0" started-at="2017-03-27T05:49:40Z" finished-at="2017-03-27T05:49:40Z">
          <reporter-output>
          </reporter-output>
        </test-method> <!-- clearErrors -->
      </class> <!-- WebDriverTests.WebDriverTests.ElementsTesting.CloseDriver -->
      <class name="WebDriverTests.WebDriverTests.ElementsTesting.OpenPage">
        <test-method status="PASS" signature="setupBaseClass(java.lang.String, java.lang.String, java.lang.String, java.lang.String, java.lang.Integer, java.lang.Integer, java.lang.Integer, java.lang.String, java.lang.String, java.lang.String, java.lang.String, java.lang.Boolean, java.lang.String, java.lang.String)[pri:0, instance:WebDriverTests.WebDriverTests.ElementsTesting.OpenPage@7ac7a4e4]" name="setupBaseClass" is-config="true" duration-ms="3785" started-at="2017-03-27T05:49:25Z" finished-at="2017-03-27T05:49:29Z">
          <params>
            <param index="0">
              <value>
                <![CDATA[Chrome]]>
              </value>
            </param>
            <param index="1">
              <value>
                <![CDATA[http://16.73.33.111:4000]]>
              </value>
            </param>
            <param index="2">
              <value>
                <![CDATA[pages/en-us/charts.html]]>
              </value>
            </param>
            <param index="3">
              <value>
                <![CDATA[]]>
              </value>
            </param>
            <param index="4">
              <value>
                <![CDATA[5000]]>
              </value>
            </param>
            <param index="5">
              <value>
                <![CDATA[5000]]>
              </value>
            </param>
            <param index="6">
              <value>
                <![CDATA[-50]]>
              </value>
            </param>
            <param index="7">
              <value>
                <![CDATA[/home/ElementsTestUser/elements/Selenium/ChromeDriver/chromedriver]]>
              </value>
            </param>
            <param index="8">
              <value>
                <![CDATA[/home/ElementsTestUser/elements/Selenium/GeckoDriver/geckodriver]]>
              </value>
            </param>
            <param index="9">
              <value>
                <![CDATA[/home/ElementsTestUser/elements/Selenium/IEDriverServer/IEdriverServer]]>
              </value>
            </param>
            <param index="10">
              <value>
                <![CDATA[/home/ElementsTestUser/elements/Selenium/MicrosoftWebDriver/MicrosoftWebDriver]]>
              </value>
            </param>
            <param index="11">
              <value>
                <![CDATA[true]]>
              </value>
            </param>
            <param index="12">
              <value>
                <![CDATA[vista]]>
              </value>
            </param>
            <param index="13">
              <value>
                <![CDATA[http://16.73.33.111:4444/wd/hub]]>
              </value>
            </param>
          </params>
          <reporter-output>
          </reporter-output>
        </test-method> <!-- setupBaseClass -->
        <test-method status="PASS" signature="openPage()[pri:0, instance:WebDriverTests.WebDriverTests.ElementsTesting.OpenPage@7ac7a4e4]" name="openPage" duration-ms="6296" started-at="2017-03-27T05:49:29Z" finished-at="2017-03-27T05:49:35Z">
          <reporter-output>
          </reporter-output>
        </test-method> <!-- openPage -->
        <test-method status="PASS" signature="clearErrors()[pri:0, instance:WebDriverTests.WebDriverTests.ElementsTesting.OpenPage@7ac7a4e4]" name="clearErrors" is-config="true" duration-ms="0" started-at="2017-03-27T05:49:29Z" finished-at="2017-03-27T05:49:29Z">
          <reporter-output>
          </reporter-output>
        </test-method> <!-- clearErrors -->
      </class> <!-- WebDriverTests.WebDriverTests.ElementsTesting.OpenPage -->
      <class name="WebDriverTests.WebDriverTests.Charts.BarCharts">
        <test-method status="PASS" signature="setupBaseClass(java.lang.String, java.lang.String, java.lang.String, java.lang.String, java.lang.Integer, java.lang.Integer, java.lang.Integer, java.lang.String, java.lang.String, java.lang.String, java.lang.String, java.lang.Boolean, java.lang.String, java.lang.String)[pri:0, instance:WebDriverTests.WebDriverTests.Charts.BarCharts@6d78f375]" name="setupBaseClass" is-config="true" duration-ms="59" started-at="2017-03-27T05:49:35Z" finished-at="2017-03-27T05:49:35Z">
          <params>
            <param index="0">
              <value>
                <![CDATA[Chrome]]>
              </value>
            </param>
            <param index="1">
              <value>
                <![CDATA[http://16.73.33.111:4000]]>
              </value>
            </param>
            <param index="2">
              <value>
                <![CDATA[pages/en-us/charts.html]]>
              </value>
            </param>
            <param index="3">
              <value>
                <![CDATA[]]>
              </value>
            </param>
            <param index="4">
              <value>
                <![CDATA[5000]]>
              </value>
            </param>
            <param index="5">
              <value>
                <![CDATA[5000]]>
              </value>
            </param>
            <param index="6">
              <value>
                <![CDATA[-50]]>
              </value>
            </param>
            <param index="7">
              <value>
                <![CDATA[/home/ElementsTestUser/elements/Selenium/ChromeDriver/chromedriver]]>
              </value>
            </param>
            <param index="8">
              <value>
                <![CDATA[/home/ElementsTestUser/elements/Selenium/GeckoDriver/geckodriver]]>
              </value>
            </param>
            <param index="9">
              <value>
                <![CDATA[/home/ElementsTestUser/elements/Selenium/IEDriverServer/IEdriverServer]]>
              </value>
            </param>
            <param index="10">
              <value>
                <![CDATA[/home/ElementsTestUser/elements/Selenium/MicrosoftWebDriver/MicrosoftWebDriver]]>
              </value>
            </param>
            <param index="11">
              <value>
                <![CDATA[true]]>
              </value>
            </param>
            <param index="12">
              <value>
                <![CDATA[vista]]>
              </value>
            </param>
            <param index="13">
              <value>
                <![CDATA[http://16.73.33.111:4444/wd/hub]]>
              </value>
            </param>
          </params>
          <reporter-output>
          </reporter-output>
        </test-method> <!-- setupBaseClass -->
        <test-method status="PASS" signature="clearErrors()[pri:0, instance:WebDriverTests.WebDriverTests.Charts.BarCharts@6d78f375]" name="clearErrors" is-config="true" duration-ms="0" started-at="2017-03-27T05:49:35Z" finished-at="2017-03-27T05:49:35Z">
          <reporter-output>
          </reporter-output>
        </test-method> <!-- clearErrors -->
        <test-method status="PASS" signature="testBarChart()[pri:0, instance:WebDriverTests.WebDriverTests.Charts.BarCharts@6d78f375]" name="testBarChart" duration-ms="2080" started-at="2017-03-27T05:49:35Z" finished-at="2017-03-27T05:49:37Z">
          <reporter-output>
          </reporter-output>
        </test-method> <!-- testBarChart -->
      </class> <!-- WebDriverTests.WebDriverTests.Charts.BarCharts -->
      <class name="WebDriverTests.WebDriverTests.Charts.Spark">
        <test-method status="PASS" signature="setupBaseClass(java.lang.String, java.lang.String, java.lang.String, java.lang.String, java.lang.Integer, java.lang.Integer, java.lang.Integer, java.lang.String, java.lang.String, java.lang.String, java.lang.String, java.lang.Boolean, java.lang.String, java.lang.String)[pri:0, instance:WebDriverTests.WebDriverTests.Charts.Spark@6d8a00e3]" name="setupBaseClass" is-config="true" duration-ms="46" started-at="2017-03-27T05:49:37Z" finished-at="2017-03-27T05:49:37Z">
          <params>
            <param index="0">
              <value>
                <![CDATA[Chrome]]>
              </value>
            </param>
            <param index="1">
              <value>
                <![CDATA[http://16.73.33.111:4000]]>
              </value>
            </param>
            <param index="2">
              <value>
                <![CDATA[pages/en-us/charts.html]]>
              </value>
            </param>
            <param index="3">
              <value>
                <![CDATA[]]>
              </value>
            </param>
            <param index="4">
              <value>
                <![CDATA[5000]]>
              </value>
            </param>
            <param index="5">
              <value>
                <![CDATA[5000]]>
              </value>
            </param>
            <param index="6">
              <value>
                <![CDATA[-50]]>
              </value>
            </param>
            <param index="7">
              <value>
                <![CDATA[/home/ElementsTestUser/elements/Selenium/ChromeDriver/chromedriver]]>
              </value>
            </param>
            <param index="8">
              <value>
                <![CDATA[/home/ElementsTestUser/elements/Selenium/GeckoDriver/geckodriver]]>
              </value>
            </param>
            <param index="9">
              <value>
                <![CDATA[/home/ElementsTestUser/elements/Selenium/IEDriverServer/IEdriverServer]]>
              </value>
            </param>
            <param index="10">
              <value>
                <![CDATA[/home/ElementsTestUser/elements/Selenium/MicrosoftWebDriver/MicrosoftWebDriver]]>
              </value>
            </param>
            <param index="11">
              <value>
                <![CDATA[true]]>
              </value>
            </param>
            <param index="12">
              <value>
                <![CDATA[vista]]>
              </value>
            </param>
            <param index="13">
              <value>
                <![CDATA[http://16.73.33.111:4444/wd/hub]]>
              </value>
            </param>
          </params>
          <reporter-output>
          </reporter-output>
        </test-method> <!-- setupBaseClass -->
        <test-method status="PASS" signature="testSparkLine()[pri:0, instance:WebDriverTests.WebDriverTests.Charts.Spark@6d8a00e3]" name="testSparkLine" duration-ms="2280" started-at="2017-03-27T05:49:37Z" finished-at="2017-03-27T05:49:40Z">
          <reporter-output>
          </reporter-output>
        </test-method> <!-- testSparkLine -->
        <test-method status="PASS" signature="clearErrors()[pri:0, instance:WebDriverTests.WebDriverTests.Charts.Spark@6d8a00e3]" name="clearErrors" is-config="true" duration-ms="0" started-at="2017-03-27T05:49:37Z" finished-at="2017-03-27T05:49:37Z">
          <reporter-output>
          </reporter-output>
        </test-method> <!-- clearErrors -->
      </class> <!-- WebDriverTests.WebDriverTests.Charts.Spark -->
    </test> <!-- Chrome-Charts -->
    <test name="Firefox-Components" duration-ms="221611" started-at="2017-03-27T09:49:41Z" finished-at="2017-03-27T09:53:22Z">
      <class name="WebDriverTests.WebDriverTests.ElementsTesting.CloseDriver">
        <test-method status="PASS" signature="setupBaseClass(java.lang.String, java.lang.String, java.lang.String, java.lang.String, java.lang.Integer, java.lang.Integer, java.lang.Integer, java.lang.String, java.lang.String, java.lang.String, java.lang.String, java.lang.Boolean, java.lang.String, java.lang.String)[pri:0, instance:WebDriverTests.WebDriverTests.ElementsTesting.CloseDriver@5dfcfece]" name="setupBaseClass" is-config="true" duration-ms="35" started-at="2017-03-27T05:53:21Z" finished-at="2017-03-27T05:53:21Z">
          <params>
            <param index="0">
              <value>
                <![CDATA[Firefox]]>
              </value>
            </param>
            <param index="1">
              <value>
                <![CDATA[http://16.73.33.111:4000]]>
              </value>
            </param>
            <param index="2">
              <value>
                <![CDATA[pages/en-us/components.html]]>
              </value>
            </param>
            <param index="3">
              <value>
                <![CDATA[]]>
              </value>
            </param>
            <param index="4">
              <value>
                <![CDATA[5000]]>
              </value>
            </param>
            <param index="5">
              <value>
                <![CDATA[5000]]>
              </value>
            </param>
            <param index="6">
              <value>
                <![CDATA[-50]]>
              </value>
            </param>
            <param index="7">
              <value>
                <![CDATA[/home/ElementsTestUser/elements/Selenium/ChromeDriver/chromedriver]]>
              </value>
            </param>
            <param index="8">
              <value>
                <![CDATA[/home/ElementsTestUser/elements/Selenium/GeckoDriver/geckodriver]]>
              </value>
            </param>
            <param index="9">
              <value>
                <![CDATA[/home/ElementsTestUser/elements/Selenium/IEDriverServer/IEdriverServer]]>
              </value>
            </param>
            <param index="10">
              <value>
                <![CDATA[/home/ElementsTestUser/elements/Selenium/MicrosoftWebDriver/MicrosoftWebDriver]]>
              </value>
            </param>
            <param index="11">
              <value>
                <![CDATA[true]]>
              </value>
            </param>
            <param index="12">
              <value>
                <![CDATA[vista]]>
              </value>
            </param>
            <param index="13">
              <value>
                <![CDATA[http://16.73.33.111:4444/wd/hub]]>
              </value>
            </param>
          </params>
          <reporter-output>
          </reporter-output>
        </test-method> <!-- setupBaseClass -->
        <test-method status="PASS" signature="clearErrors()[pri:0, instance:WebDriverTests.WebDriverTests.ElementsTesting.CloseDriver@5dfcfece]" name="clearErrors" is-config="true" duration-ms="1" started-at="2017-03-27T05:53:21Z" finished-at="2017-03-27T05:53:21Z">
          <reporter-output>
          </reporter-output>
        </test-method> <!-- clearErrors -->
        <test-method status="PASS" signature="closeDriver()[pri:0, instance:WebDriverTests.WebDriverTests.ElementsTesting.CloseDriver@5dfcfece]" name="closeDriver" duration-ms="1756" started-at="2017-03-27T05:53:21Z" finished-at="2017-03-27T05:53:22Z">
          <reporter-output>
          </reporter-output>
        </test-method> <!-- closeDriver -->
      </class> <!-- WebDriverTests.WebDriverTests.ElementsTesting.CloseDriver -->
      <class name="WebDriverTests.WebDriverTests.ElementsTesting.OpenPage">
        <test-method status="PASS" signature="setupBaseClass(java.lang.String, java.lang.String, java.lang.String, java.lang.String, java.lang.Integer, java.lang.Integer, java.lang.Integer, java.lang.String, java.lang.String, java.lang.String, java.lang.String, java.lang.Boolean, java.lang.String, java.lang.String)[pri:0, instance:WebDriverTests.WebDriverTests.ElementsTesting.OpenPage@6cc4c815]" name="setupBaseClass" is-config="true" duration-ms="8797" started-at="2017-03-27T05:49:41Z" finished-at="2017-03-27T05:49:50Z">
          <params>
            <param index="0">
              <value>
                <![CDATA[Firefox]]>
              </value>
            </param>
            <param index="1">
              <value>
                <![CDATA[http://16.73.33.111:4000]]>
              </value>
            </param>
            <param index="2">
              <value>
                <![CDATA[pages/en-us/components.html]]>
              </value>
            </param>
            <param index="3">
              <value>
                <![CDATA[]]>
              </value>
            </param>
            <param index="4">
              <value>
                <![CDATA[5000]]>
              </value>
            </param>
            <param index="5">
              <value>
                <![CDATA[5000]]>
              </value>
            </param>
            <param index="6">
              <value>
                <![CDATA[-50]]>
              </value>
            </param>
            <param index="7">
              <value>
                <![CDATA[/home/ElementsTestUser/elements/Selenium/ChromeDriver/chromedriver]]>
              </value>
            </param>
            <param index="8">
              <value>
                <![CDATA[/home/ElementsTestUser/elements/Selenium/GeckoDriver/geckodriver]]>
              </value>
            </param>
            <param index="9">
              <value>
                <![CDATA[/home/ElementsTestUser/elements/Selenium/IEDriverServer/IEdriverServer]]>
              </value>
            </param>
            <param index="10">
              <value>
                <![CDATA[/home/ElementsTestUser/elements/Selenium/MicrosoftWebDriver/MicrosoftWebDriver]]>
              </value>
            </param>
            <param index="11">
              <value>
                <![CDATA[true]]>
              </value>
            </param>
            <param index="12">
              <value>
                <![CDATA[vista]]>
              </value>
            </param>
            <param index="13">
              <value>
                <![CDATA[http://16.73.33.111:4444/wd/hub]]>
              </value>
            </param>
          </params>
          <reporter-output>
          </reporter-output>
        </test-method> <!-- setupBaseClass -->
        <test-method status="PASS" signature="clearErrors()[pri:0, instance:WebDriverTests.WebDriverTests.ElementsTesting.OpenPage@6cc4c815]" name="clearErrors" is-config="true" duration-ms="0" started-at="2017-03-27T05:49:50Z" finished-at="2017-03-27T05:49:50Z">
          <reporter-output>
          </reporter-output>
        </test-method> <!-- clearErrors -->
        <test-method status="PASS" signature="openPage()[pri:0, instance:WebDriverTests.WebDriverTests.ElementsTesting.OpenPage@6cc4c815]" name="openPage" duration-ms="24046" started-at="2017-03-27T05:49:50Z" finished-at="2017-03-27T05:50:14Z">
          <reporter-output>
          </reporter-output>
        </test-method> <!-- openPage -->
      </class> <!-- WebDriverTests.WebDriverTests.ElementsTesting.OpenPage -->
      <class name="WebDriverTests.WebDriverTests.Components.TreeViews">
        <test-method status="PASS" signature="setupBaseClass(java.lang.String, java.lang.String, java.lang.String, java.lang.String, java.lang.Integer, java.lang.Integer, java.lang.Integer, java.lang.String, java.lang.String, java.lang.String, java.lang.String, java.lang.Boolean, java.lang.String, java.lang.String)[pri:0, instance:WebDriverTests.WebDriverTests.Components.TreeViews@56f4468b]" name="setupBaseClass" is-config="true" duration-ms="38" started-at="2017-03-27T05:53:19Z" finished-at="2017-03-27T05:53:19Z">
          <params>
            <param index="0">
              <value>
                <![CDATA[Firefox]]>
              </value>
            </param>
            <param index="1">
              <value>
                <![CDATA[http://16.73.33.111:4000]]>
              </value>
            </param>
            <param index="2">
              <value>
                <![CDATA[pages/en-us/components.html]]>
              </value>
            </param>
            <param index="3">
              <value>
                <![CDATA[]]>
              </value>
            </param>
            <param index="4">
              <value>
                <![CDATA[5000]]>
              </value>
            </param>
            <param index="5">
              <value>
                <![CDATA[5000]]>
              </value>
            </param>
            <param index="6">
              <value>
                <![CDATA[-50]]>
              </value>
            </param>
            <param index="7">
              <value>
                <![CDATA[/home/ElementsTestUser/elements/Selenium/ChromeDriver/chromedriver]]>
              </value>
            </param>
            <param index="8">
              <value>
                <![CDATA[/home/ElementsTestUser/elements/Selenium/GeckoDriver/geckodriver]]>
              </value>
            </param>
            <param index="9">
              <value>
                <![CDATA[/home/ElementsTestUser/elements/Selenium/IEDriverServer/IEdriverServer]]>
              </value>
            </param>
            <param index="10">
              <value>
[...]
          <reporter-output>
          </reporter-output>
        </test-method> <!-- setupBaseClass -->
        <test-method status="PASS" signature="testButtonDropdowns()[pri:0, instance:WebDriverTests.WebDriverTests.CSS.Buttons@68c4039c]" name="testButtonDropdowns" duration-ms="15598" started-at="2017-03-27T06:14:33Z" finished-at="2017-03-27T06:14:48Z">
          <reporter-output>
          </reporter-output>
        </test-method> <!-- testButtonDropdowns -->
        <test-method status="PASS" signature="clearErrors()[pri:0, instance:WebDriverTests.WebDriverTests.CSS.Buttons@68c4039c]" name="clearErrors" is-config="true" duration-ms="0" started-at="2017-03-27T06:14:33Z" finished-at="2017-03-27T06:14:33Z">
          <reporter-output>
          </reporter-output>
        </test-method> <!-- clearErrors -->
        <test-method status="PASS" signature="clearErrors()[pri:0, instance:WebDriverTests.WebDriverTests.CSS.Buttons@68c4039c]" name="clearErrors" is-config="true" duration-ms="0" started-at="2017-03-27T06:14:48Z" finished-at="2017-03-27T06:14:48Z">
          <reporter-output>
          </reporter-output>
        </test-method> <!-- clearErrors -->
        <test-method status="PASS" signature="testCircularIconButtons()[pri:0, instance:WebDriverTests.WebDriverTests.CSS.Buttons@68c4039c]" name="testCircularIconButtons" duration-ms="6253" started-at="2017-03-27T06:14:48Z" finished-at="2017-03-27T06:14:55Z">
          <reporter-output>
          </reporter-output>
        </test-method> <!-- testCircularIconButtons -->
        <test-method status="PASS" signature="testColoredButtons()[pri:0, instance:WebDriverTests.WebDriverTests.CSS.Buttons@68c4039c]" name="testColoredButtons" duration-ms="5661" started-at="2017-03-27T06:14:55Z" finished-at="2017-03-27T06:15:00Z">
          <reporter-output>
          </reporter-output>
        </test-method> <!-- testColoredButtons -->
        <test-method status="PASS" signature="clearErrors()[pri:0, instance:WebDriverTests.WebDriverTests.CSS.Buttons@68c4039c]" name="clearErrors" is-config="true" duration-ms="0" started-at="2017-03-27T06:14:55Z" finished-at="2017-03-27T06:14:55Z">
          <reporter-output>
          </reporter-output>
        </test-method> <!-- clearErrors -->
        <test-method status="PASS" signature="clearErrors()[pri:0, instance:WebDriverTests.WebDriverTests.CSS.Buttons@68c4039c]" name="clearErrors" is-config="true" duration-ms="0" started-at="2017-03-27T06:15:00Z" finished-at="2017-03-27T06:15:00Z">
          <reporter-output>
          </reporter-output>
        </test-method> <!-- clearErrors -->
        <test-method status="PASS" signature="testHyperlinks()[pri:0, instance:WebDriverTests.WebDriverTests.CSS.Buttons@68c4039c]" name="testHyperlinks" duration-ms="2242" started-at="2017-03-27T06:15:00Z" finished-at="2017-03-27T06:15:02Z">
          <reporter-output>
          </reporter-output>
        </test-method> <!-- testHyperlinks -->
        <test-method status="PASS" signature="testLinkStyles()[pri:0, instance:WebDriverTests.WebDriverTests.CSS.Buttons@68c4039c]" name="testLinkStyles" duration-ms="3666" started-at="2017-03-27T06:15:02Z" finished-at="2017-03-27T06:15:06Z">
          <reporter-output>
          </reporter-output>
        </test-method> <!-- testLinkStyles -->
        <test-method status="PASS" signature="clearErrors()[pri:0, instance:WebDriverTests.WebDriverTests.CSS.Buttons@68c4039c]" name="clearErrors" is-config="true" duration-ms="0" started-at="2017-03-27T06:15:02Z" finished-at="2017-03-27T06:15:02Z">
          <reporter-output>
          </reporter-output>
        </test-method> <!-- clearErrors -->
        <test-method status="PASS" signature="testSizeVariations()[pri:0, instance:WebDriverTests.WebDriverTests.CSS.Buttons@68c4039c]" name="testSizeVariations" duration-ms="13037" started-at="2017-03-27T06:15:06Z" finished-at="2017-03-27T06:15:19Z">
          <reporter-output>
          </reporter-output>
        </test-method> <!-- testSizeVariations -->
        <test-method status="PASS" signature="clearErrors()[pri:0, instance:WebDriverTests.WebDriverTests.CSS.Buttons@68c4039c]" name="clearErrors" is-config="true" duration-ms="0" started-at="2017-03-27T06:15:06Z" finished-at="2017-03-27T06:15:06Z">
          <reporter-output>
          </reporter-output>
        </test-method> <!-- clearErrors -->
        <test-method status="PASS" signature="clearErrors()[pri:0, instance:WebDriverTests.WebDriverTests.CSS.Buttons@68c4039c]" name="clearErrors" is-config="true" duration-ms="0" started-at="2017-03-27T06:15:19Z" finished-at="2017-03-27T06:15:19Z">
          <reporter-output>
          </reporter-output>
        </test-method> <!-- clearErrors -->
        <test-method status="PASS" signature="testSplitButtonDropdowns()[pri:0, instance:WebDriverTests.WebDriverTests.CSS.Buttons@68c4039c]" name="testSplitButtonDropdowns" duration-ms="9237" started-at="2017-03-27T06:15:19Z" finished-at="2017-03-27T06:15:28Z">
          <reporter-output>
          </reporter-output>
        </test-method> <!-- testSplitButtonDropdowns -->
      </class> <!-- WebDriverTests.WebDriverTests.CSS.Buttons -->
    </test> <!-- Edge-CSS -->
    <test name="Edge-Charts" duration-ms="18117" started-at="2017-03-27T10:15:30Z" finished-at="2017-03-27T10:15:48Z">
      <class name="WebDriverTests.WebDriverTests.ElementsTesting.CloseDriver">
        <test-method status="PASS" signature="setupBaseClass(java.lang.String, java.lang.String, java.lang.String, java.lang.String, java.lang.Integer, java.lang.Integer, java.lang.Integer, java.lang.String, java.lang.String, java.lang.String, java.lang.String, java.lang.Boolean, java.lang.String, java.lang.String)[pri:0, instance:WebDriverTests.WebDriverTests.ElementsTesting.CloseDriver@66a3ffec]" name="setupBaseClass" is-config="true" duration-ms="35" started-at="2017-03-27T06:15:46Z" finished-at="2017-03-27T06:15:46Z">
          <params>
            <param index="0">
              <value>
                <![CDATA[edge]]>
              </value>
            </param>
            <param index="1">
              <value>
                <![CDATA[http://16.73.33.111:4000]]>
              </value>
            </param>
            <param index="2">
              <value>
                <![CDATA[pages/en-us/charts.html]]>
              </value>
            </param>
            <param index="3">
              <value>
                <![CDATA[]]>
              </value>
            </param>
            <param index="4">
              <value>
                <![CDATA[5000]]>
              </value>
            </param>
            <param index="5">
              <value>
                <![CDATA[5000]]>
              </value>
            </param>
            <param index="6">
              <value>
                <![CDATA[-50]]>
              </value>
            </param>
            <param index="7">
              <value>
                <![CDATA[/home/ElementsTestUser/elements/Selenium/ChromeDriver/chromedriver]]>
              </value>
            </param>
            <param index="8">
              <value>
                <![CDATA[/home/ElementsTestUser/elements/Selenium/GeckoDriver/geckodriver]]>
              </value>
            </param>
            <param index="9">
              <value>
                <![CDATA[/home/ElementsTestUser/elements/Selenium/IEDriverServer/IEdriverServer]]>
              </value>
            </param>
            <param index="10">
              <value>
                <![CDATA[/home/ElementsTestUser/elements/Selenium/MicrosoftWebDriver/MicrosoftWebDriver]]>
              </value>
            </param>
            <param index="11">
              <value>
                <![CDATA[true]]>
              </value>
            </param>
            <param index="12">
              <value>
                <![CDATA[win10]]>
              </value>
            </param>
            <param index="13">
              <value>
                <![CDATA[http://16.73.33.111:4444/wd/hub]]>
              </value>
            </param>
          </params>
          <reporter-output>
          </reporter-output>
        </test-method> <!-- setupBaseClass -->
        <test-method status="PASS" signature="closeDriver()[pri:0, instance:WebDriverTests.WebDriverTests.ElementsTesting.CloseDriver@66a3ffec]" name="closeDriver" duration-ms="1537" started-at="2017-03-27T06:15:46Z" finished-at="2017-03-27T06:15:48Z">
          <reporter-output>
          </reporter-output>
        </test-method> <!-- closeDriver -->
        <test-method status="PASS" signature="clearErrors()[pri:0, instance:WebDriverTests.WebDriverTests.ElementsTesting.CloseDriver@66a3ffec]" name="clearErrors" is-config="true" duration-ms="0" started-at="2017-03-27T06:15:46Z" finished-at="2017-03-27T06:15:46Z">
          <reporter-output>
          </reporter-output>
        </test-method> <!-- clearErrors -->
      </class> <!-- WebDriverTests.WebDriverTests.ElementsTesting.CloseDriver -->
      <class name="WebDriverTests.WebDriverTests.ElementsTesting.OpenPage">
        <test-method status="PASS" signature="setupBaseClass(java.lang.String, java.lang.String, java.lang.String, java.lang.String, java.lang.Integer, java.lang.Integer, java.lang.Integer, java.lang.String, java.lang.String, java.lang.String, java.lang.String, java.lang.Boolean, java.lang.String, java.lang.String)[pri:0, instance:WebDriverTests.WebDriverTests.ElementsTesting.OpenPage@77caeb3e]" name="setupBaseClass" is-config="true" duration-ms="2039" started-at="2017-03-27T06:15:30Z" finished-at="2017-03-27T06:15:32Z">
          <params>
            <param index="0">
              <value>
                <![CDATA[edge]]>
              </value>
            </param>
            <param index="1">
              <value>
                <![CDATA[http://16.73.33.111:4000]]>
              </value>
            </param>
            <param index="2">
              <value>
                <![CDATA[pages/en-us/charts.html]]>
              </value>
            </param>
            <param index="3">
              <value>
                <![CDATA[]]>
              </value>
            </param>
            <param index="4">
              <value>
                <![CDATA[5000]]>
              </value>
            </param>
            <param index="5">
              <value>
                <![CDATA[5000]]>
              </value>
            </param>
            <param index="6">
              <value>
                <![CDATA[-50]]>
              </value>
            </param>
            <param index="7">
              <value>
                <![CDATA[/home/ElementsTestUser/elements/Selenium/ChromeDriver/chromedriver]]>
              </value>
            </param>
            <param index="8">
              <value>
                <![CDATA[/home/ElementsTestUser/elements/Selenium/GeckoDriver/geckodriver]]>
              </value>
            </param>
            <param index="9">
              <value>
                <![CDATA[/home/ElementsTestUser/elements/Selenium/IEDriverServer/IEdriverServer]]>
              </value>
            </param>
            <param index="10">
              <value>
                <![CDATA[/home/ElementsTestUser/elements/Selenium/MicrosoftWebDriver/MicrosoftWebDriver]]>
              </value>
            </param>
            <param index="11">
              <value>
                <![CDATA[true]]>
              </value>
            </param>
            <param index="12">
              <value>
                <![CDATA[win10]]>
              </value>
            </param>
            <param index="13">
              <value>
                <![CDATA[http://16.73.33.111:4444/wd/hub]]>
              </value>
            </param>
          </params>
          <reporter-output>
          </reporter-output>
        </test-method> <!-- setupBaseClass -->
        <test-method status="PASS" signature="clearErrors()[pri:0, instance:WebDriverTests.WebDriverTests.ElementsTesting.OpenPage@77caeb3e]" name="clearErrors" is-config="true" duration-ms="0" started-at="2017-03-27T06:15:32Z" finished-at="2017-03-27T06:15:32Z">
          <reporter-output>
          </reporter-output>
        </test-method> <!-- clearErrors -->
        <test-method status="PASS" signature="openPage()[pri:0, instance:WebDriverTests.WebDriverTests.ElementsTesting.OpenPage@77caeb3e]" name="openPage" duration-ms="684" started-at="2017-03-27T06:15:32Z" finished-at="2017-03-27T06:15:33Z">
          <reporter-output>
          </reporter-output>
        </test-method> <!-- openPage -->
      </class> <!-- WebDriverTests.WebDriverTests.ElementsTesting.OpenPage -->
      <class name="WebDriverTests.WebDriverTests.Charts.BarCharts">
        <test-method status="PASS" signature="setupBaseClass(java.lang.String, java.lang.String, java.lang.String, java.lang.String, java.lang.Integer, java.lang.Integer, java.lang.Integer, java.lang.String, java.lang.String, java.lang.String, java.lang.String, java.lang.Boolean, java.lang.String, java.lang.String)[pri:0, instance:WebDriverTests.WebDriverTests.Charts.BarCharts@1e88b3c]" name="setupBaseClass" is-config="true" duration-ms="74" started-at="2017-03-27T06:15:33Z" finished-at="2017-03-27T06:15:33Z">
          <params>
            <param index="0">
              <value>
                <![CDATA[edge]]>
              </value>
            </param>
            <param index="1">
              <value>
                <![CDATA[http://16.73.33.111:4000]]>
              </value>
            </param>
            <param index="2">
              <value>
                <![CDATA[pages/en-us/charts.html]]>
              </value>
            </param>
            <param index="3">
              <value>
                <![CDATA[]]>
              </value>
            </param>
            <param index="4">
              <value>
                <![CDATA[5000]]>
              </value>
            </param>
            <param index="5">
              <value>
                <![CDATA[5000]]>
              </value>
            </param>
            <param index="6">
              <value>
                <![CDATA[-50]]>
              </value>
            </param>
            <param index="7">
              <value>
                <![CDATA[/home/ElementsTestUser/elements/Selenium/ChromeDriver/chromedriver]]>
              </value>
            </param>
            <param index="8">
              <value>
                <![CDATA[/home/ElementsTestUser/elements/Selenium/GeckoDriver/geckodriver]]>
              </value>
            </param>
            <param index="9">
              <value>
                <![CDATA[/home/ElementsTestUser/elements/Selenium/IEDriverServer/IEdriverServer]]>
              </value>
            </param>
            <param index="10">
              <value>
                <![CDATA[/home/ElementsTestUser/elements/Selenium/MicrosoftWebDriver/MicrosoftWebDriver]]>
              </value>
            </param>
            <param index="11">
              <value>
                <![CDATA[true]]>
              </value>
            </param>
            <param index="12">
              <value>
                <![CDATA[win10]]>
              </value>
            </param>
            <param index="13">
              <value>
                <![CDATA[http://16.73.33.111:4444/wd/hub]]>
              </value>
            </param>
          </params>
          <reporter-output>
          </reporter-output>
        </test-method> <!-- setupBaseClass -->
        <test-method status="PASS" signature="clearErrors()[pri:0, instance:WebDriverTests.WebDriverTests.Charts.BarCharts@1e88b3c]" name="clearErrors" is-config="true" duration-ms="1" started-at="2017-03-27T06:15:33Z" finished-at="2017-03-27T06:15:33Z">
          <reporter-output>
          </reporter-output>
        </test-method> <!-- clearErrors -->
        <test-method status="PASS" signature="testBarChart()[pri:0, instance:WebDriverTests.WebDriverTests.Charts.BarCharts@1e88b3c]" name="testBarChart" duration-ms="10173" started-at="2017-03-27T06:15:33Z" finished-at="2017-03-27T06:15:43Z">
          <reporter-output>
          </reporter-output>
        </test-method> <!-- testBarChart -->
      </class> <!-- WebDriverTests.WebDriverTests.Charts.BarCharts -->
      <class name="WebDriverTests.WebDriverTests.Charts.Spark">
        <test-method status="PASS" signature="setupBaseClass(java.lang.String, java.lang.String, java.lang.String, java.lang.String, java.lang.Integer, java.lang.Integer, java.lang.Integer, java.lang.String, java.lang.String, java.lang.String, java.lang.String, java.lang.Boolean, java.lang.String, java.lang.String)[pri:0, instance:WebDriverTests.WebDriverTests.Charts.Spark@3e6fa38a]" name="setupBaseClass" is-config="true" duration-ms="45" started-at="2017-03-27T06:15:43Z" finished-at="2017-03-27T06:15:43Z">
          <params>
            <param index="0">
              <value>
                <![CDATA[edge]]>
              </value>
            </param>
            <param index="1">
              <value>
                <![CDATA[http://16.73.33.111:4000]]>
              </value>
            </param>
            <param index="2">
              <value>
                <![CDATA[pages/en-us/charts.html]]>
              </value>
            </param>
            <param index="3">
              <value>
                <![CDATA[]]>
              </value>
            </param>
            <param index="4">
              <value>
                <![CDATA[5000]]>
              </value>
            </param>
            <param index="5">
              <value>
                <![CDATA[5000]]>
              </value>
            </param>
            <param index="6">
              <value>
                <![CDATA[-50]]>
              </value>
            </param>
            <param index="7">
              <value>
                <![CDATA[/home/ElementsTestUser/elements/Selenium/ChromeDriver/chromedriver]]>
              </value>
            </param>
            <param index="8">
              <value>
                <![CDATA[/home/ElementsTestUser/elements/Selenium/GeckoDriver/geckodriver]]>
              </value>
            </param>
            <param index="9">
              <value>
                <![CDATA[/home/ElementsTestUser/elements/Selenium/IEDriverServer/IEdriverServer]]>
              </value>
            </param>
            <param index="10">
              <value>
                <![CDATA[/home/ElementsTestUser/elements/Selenium/MicrosoftWebDriver/MicrosoftWebDriver]]>
              </value>
            </param>
            <param index="11">
              <value>
                <![CDATA[true]]>
              </value>
            </param>
            <param index="12">
              <value>
                <![CDATA[win10]]>
              </value>
            </param>
            <param index="13">
              <value>
                <![CDATA[http://16.73.33.111:4444/wd/hub]]>
              </value>
            </param>
          </params>
          <reporter-output>
          </reporter-output>
        </test-method> <!-- setupBaseClass -->
        <test-method status="PASS" signature="clearErrors()[pri:0, instance:WebDriverTests.WebDriverTests.Charts.Spark@3e6fa38a]" name="clearErrors" is-config="true" duration-ms="1" started-at="2017-03-27T06:15:43Z" finished-at="2017-03-27T06:15:43Z">
          <reporter-output>
          </reporter-output>
        </test-method> <!-- clearErrors -->
        <test-method status="PASS" signature="testSparkLine()[pri:0, instance:WebDriverTests.WebDriverTests.Charts.Spark@3e6fa38a]" name="testSparkLine" duration-ms="3527" started-at="2017-03-27T06:15:43Z" finished-at="2017-03-27T06:15:46Z">
          <reporter-output>
          </reporter-output>
        </test-method> <!-- testSparkLine -->
      </class> <!-- WebDriverTests.WebDriverTests.Charts.Spark -->
    </test> <!-- Edge-Charts -->
  </suite> <!-- TestSuite -->
</testng-results>